<?xml version="1.0" encoding="UTF-8"?>
<!-- Generated by org.testng.reporters.JUnitXMLReporter -->
<testsuite ignored="1" hostname="Aaryan-PC" failures="0" tests="2" name="test2" time="18.678" errors="0" timestamp="2024-08-29T09:09:16 IST">
  <testcase classname="testngFramework.Selenium_TestNG2" name="test2" time="3.794"/>
  <testcase classname="testngFramework.Selenium_TestNG2" name="test3" time="3.937"/>
  <testcase classname="testngFramework.Selenium_TestNG2" name="test1" time="0.0">
    <ignored/>
  </testcase> <!-- test1 -->
</testsuite> <!-- test2 -->
