<?xml version="1.0" encoding="UTF-8"?>
<!-- Generated by org.testng.reporters.JUnitXMLReporter -->
<testsuite ignored="2" hostname="Aaryan-PC" failures="0" tests="1" name="test1" time="15.529" errors="0" timestamp="2024-08-28T09:15:03 IST">
  <testcase classname="testngFramework.Selenium_TestNG" name="test1" time="3.426"/>
  <testcase classname="testngFramework.Selenium_TestNG" name="test3" time="0.0">
    <ignored/>
  </testcase> <!-- test3 -->
  <testcase classname="testngFramework.Selenium_TestNG" name="test2" time="0.0">
    <ignored/>
  </testcase> <!-- test2 -->
</testsuite> <!-- test1 -->
