<?xml version="1.0" encoding="UTF-8"?>
<!-- Generated by org.testng.reporters.JUnitXMLReporter -->
<testsuite ignored="0" hostname="Aaryan-PC" failures="0" tests="6" name="test1" time="36.808" errors="0" timestamp="2024-09-06T09:20:36 IST">
  <testcase classname="dprovidertestng.TestLogin" name="testLogin" time="3.216"/>
  <testcase classname="dprovidertestng.TestLogin" name="testLogin" time="3.196"/>
  <testcase classname="dprovidertestng.TestLogin" name="testLogin" time="11.831"/>
  <testcase classname="dprovidertestng.TestLogin" name="testLogin" time="3.198"/>
  <testcase classname="dprovidertestng.TestLogin" name="testLogin" time="3.204"/>
  <testcase classname="dprovidertestng.TestLogin" name="testLogin" time="6.184"/>
</testsuite> <!-- test1 -->
