<?xml version="1.0" encoding="UTF-8"?>
<!-- Generated by org.testng.reporters.JUnitXMLReporter -->
<testsuite ignored="0" hostname="Aaryan-PC" failures="0" tests="3" name="Default test" time="35.276" errors="0" timestamp="2024-09-05T09:48:45 IST">
  <testcase classname="dprovidertestng.TestLogin" name="testLogin" time="0.214"/>
  <testcase classname="dprovidertestng.TestLogin" name="testLogin" time="0.196"/>
  <testcase classname="dprovidertestng.TestLogin" name="testLogin" time="16.302"/>
</testsuite> <!-- Default test -->
