<?xml version="1.0" encoding="UTF-8"?>
<!-- Generated by org.testng.reporters.JUnitXMLReporter -->
<testsuite ignored="1" hostname="Aaryan-PC" failures="0" tests="1" name="Default test" time="1.674" errors="0" timestamp="2024-08-24T08:57:57 IST">
  <testcase classname="collectionprgms.ReadDataFromExcelToListMap" name="readDataFromExcelToListMap" time="1.593"/>
  <testcase classname="collectionprgms.ReadDataFromExcelToListMap" name="readDataFromExcel" time="0.0">
    <ignored/>
  </testcase> <!-- readDataFromExcel -->
</testsuite> <!-- Default test -->
