<?xml version="1.0" encoding="UTF-8"?>
<testng-results ignored="0" total="3" passed="3" failed="0" skipped="0">
  <reporter-output>
  </reporter-output>
  <suite started-at="2024-09-04T09:15:44 IST" name="Default suite" finished-at="2024-09-04T09:15:44 IST" duration-ms="99">
    <groups>
    </groups>
    <test started-at="2024-09-04T09:15:44 IST" name="Default test" finished-at="2024-09-04T09:15:44 IST" duration-ms="99">
      <class name="dprovidertestng.DataProviderTestClass">
        <test-method signature="readData([Ljava.lang.String;)[pri:0, instance:dprovidertestng.DataProviderTestClass@4b0d79fc]" started-at="2024-09-04T09:15:44 IST" name="readData" data-provider="DP4" finished-at="2024-09-04T09:15:44 IST" duration-ms="9" status="PASS">
          <params>
            <param index="0">
              <value>
                <![CDATA[[Ljava.lang.String;@7d3e8655]]>
              </value>
            </param>
          </params>
          <reporter-output>
          </reporter-output>
        </test-method> <!-- readData -->
        <test-method signature="readData([Ljava.lang.String;)[pri:0, instance:dprovidertestng.DataProviderTestClass@4b0d79fc]" started-at="2024-09-04T09:15:44 IST" name="readData" data-provider="DP4" finished-at="2024-09-04T09:15:44 IST" duration-ms="2" status="PASS">
          <params>
            <param index="0">
              <value>
                <![CDATA[[Ljava.lang.String;@7bbc8656]]>
              </value>
            </param>
          </params>
          <reporter-output>
          </reporter-output>
        </test-method> <!-- readData -->
        <test-method signature="readData([Ljava.lang.String;)[pri:0, instance:dprovidertestng.DataProviderTestClass@4b0d79fc]" started-at="2024-09-04T09:15:44 IST" name="readData" data-provider="DP4" finished-at="2024-09-04T09:15:44 IST" duration-ms="11" status="PASS">
          <params>
            <param index="0">
              <value>
                <![CDATA[[Ljava.lang.String;@6933b6c6]]>
              </value>
            </param>
          </params>
          <reporter-output>
          </reporter-output>
        </test-method> <!-- readData -->
      </class> <!-- dprovidertestng.DataProviderTestClass -->
    </test> <!-- Default test -->
  </suite> <!-- Default suite -->
</testng-results>
